# JRE version: Java(TM) SE Runtime Environment 18.9 (11.0.7+8) (build 11.0.7+8-LTS)
# Java VM: Java HotSpot(TM) 64-Bit Server VM 18.9 (11.0.7+8-LTS, mixed mode, tiered, compressed oops, g1 gc, windows-amd64)
Heap:
 garbage-first heap   total 114688K, used 62498K [0x00000000c2200000, 0x0000000100000000)
  region size 1024K, 6 young (6144K), 3 survivors (3072K)
 Metaspace       used 21356K, capacity 22002K, committed 22272K, reserved 1069056K
  class space    used 2664K, capacity 2963K, committed 3072K, reserved 1048576K
GC Heap History (6 events):
Event: 1.038 GC heap before
{Heap before GC invocations=0 (full 0):
 garbage-first heap   total 63488K, used 14336K [0x00000000c2200000, 0x0000000100000000)
  region size 1024K, 14 young (14336K), 0 survivors (0K)
 Metaspace       used 8985K, capacity 9255K, committed 9472K, reserved 1058816K
  class space    used 895K, capacity 1008K, committed 1024K, reserved 1048576K
}
Event: 1.049 GC heap after
{Heap after GC invocations=1 (full 0):
 garbage-first heap   total 63488K, used 1816K [0x00000000c2200000, 0x0000000100000000)
  region size 1024K, 2 young (2048K), 2 survivors (2048K)
 Metaspace       used 8985K, capacity 9255K, committed 9472K, reserved 1058816K
  class space    used 895K, capacity 1008K, committed 1024K, reserved 1048576K
}
Event: 1.986 GC heap before
{Heap before GC invocations=1 (full 0):
 garbage-first heap   total 63488K, used 21272K [0x00000000c2200000, 0x0000000100000000)
  region size 1024K, 23 young (23552K), 2 survivors (2048K)
 Metaspace       used 15573K, capacity 16040K, committed 16128K, reserved 1062912K
  class space    used 1778K, capacity 1977K, committed 2048K, reserved 1048576K
}
Event: 1.997 GC heap after
{Heap after GC invocations=2 (full 0):
 garbage-first heap   total 63488K, used 5126K [0x00000000c2200000, 0x0000000100000000)
  region size 1024K, 5 young (5120K), 5 survivors (5120K)
 Metaspace       used 15573K, capacity 16040K, committed 16128K, reserved 1062912K
  class space    used 1778K, capacity 1977K, committed 2048K, reserved 1048576K
}
Event: 4.092 GC heap before
{Heap before GC invocations=3 (full 0):
 garbage-first heap   total 114688K, used 73734K [0x00000000c2200000, 0x0000000100000000)
  region size 1024K, 24 young (24576K), 5 survivors (5120K)
 Metaspace       used 20939K, capacity 21553K, committed 21632K, reserved 1069056K
  class space    used 2602K, capacity 2878K, committed 2944K, reserved 1048576K
}
Event: 4.109 GC heap after
{Heap after GC invocations=4 (full 0):
 garbage-first heap   total 114688K, used 58402K [0x00000000c2200000, 0x0000000100000000)
  region size 1024K, 3 young (3072K), 3 survivors (3072K)
 Metaspace       used 20939K, capacity 21553K, committed 21632K, reserved 1069056K
  class space    used 2602K, capacity 2878K, committed 2944K, reserved 1048576K
}

